This is pdfTeX, Version 3.141592653-2.6-1.40.25 (TeX Live 2023/nixos.org) (preloaded format=pdflatex 1980.1.1)  8 NOV 2024 17:36
entering extended mode
 restricted \write18 enabled.
 file:line:error style messages enabled.
 %&-line parsing enabled.
**documentation.tex
(./documentation.tex
LaTeX2e <2023-11-01> patch level 1
L3 programming layer <2024-02-20>
(/nix/store/w3hf0ylw5hgji2scj8lm1964yw6ki24a-texlive-combined-full-2023-final-texmfdist/tex/latex/base/report.cls
Document Class: report 2023/05/17 v1.4n Standard LaTeX document class
(/nix/store/w3hf0ylw5hgji2scj8lm1964yw6ki24a-texlive-combined-full-2023-final-texmfdist/tex/latex/base/size12.clo
File: size12.clo 2023/05/17 v1.4n Standard LaTeX file (size option)
)
\c@part=\count188
\c@chapter=\count189
\c@section=\count190
\c@subsection=\count191
\c@subsubsection=\count192
\c@paragraph=\count193
\c@subparagraph=\count194
\c@figure=\count195
\c@table=\count196
\abovecaptionskip=\skip48
\belowcaptionskip=\skip49
\bibindent=\dimen140
) (/nix/store/w3hf0ylw5hgji2scj8lm1964yw6ki24a-texlive-combined-full-2023-final-texmfdist/tex/generic/babel/babel.sty
Package: babel 2024/02/07 v24.2 The Babel package
\babel@savecnt=\count197
\U@D=\dimen141
\l@unhyphenated=\language89
 (/nix/store/w3hf0ylw5hgji2scj8lm1964yw6ki24a-texlive-combined-full-2023-final-texmfdist/tex/generic/babel/txtbabel.def)
\bbl@readstream=\read2
\bbl@dirlevel=\count198
 (/nix/store/w3hf0ylw5hgji2scj8lm1964yw6ki24a-texlive-combined-full-2023-final-texmfdist/tex/generic/babel-spanish/spanish.ldf
Language: spanish.ldf 2021/05/27 v5.0q Spanish support from the babel system
\es@quottoks=\toks17
\es@quotdepth=\count199
Package babel Info: Making " an active character on input line 570.
)) (/nix/store/w3hf0ylw5hgji2scj8lm1964yw6ki24a-texlive-combined-full-2023-final-texmfdist/tex/generic/babel/locale/es/babel-spanish.tex
Package babel Info: Importing font and identification data for spanish
(babel)             from babel-es.ini. Reported on input line 11.
) (/nix/store/w3hf0ylw5hgji2scj8lm1964yw6ki24a-texlive-combined-full-2023-final-texmfdist/tex/latex/graphics/graphicx.sty
Package: graphicx 2021/09/16 v1.2d Enhanced LaTeX Graphics (DPC,SPQR)
 (/nix/store/w3hf0ylw5hgji2scj8lm1964yw6ki24a-texlive-combined-full-2023-final-texmfdist/tex/latex/graphics/keyval.sty
Package: keyval 2022/05/29 v1.15 key=value parser (DPC)
\KV@toks@=\toks18
) (/nix/store/w3hf0ylw5hgji2scj8lm1964yw6ki24a-texlive-combined-full-2023-final-texmfdist/tex/latex/graphics/graphics.sty
Package: graphics 2022/03/10 v1.4e Standard LaTeX Graphics (DPC,SPQR)
 (/nix/store/w3hf0ylw5hgji2scj8lm1964yw6ki24a-texlive-combined-full-2023-final-texmfdist/tex/latex/graphics/trig.sty
Package: trig 2021/08/11 v1.11 sin cos tan (DPC)
) (/nix/store/w3hf0ylw5hgji2scj8lm1964yw6ki24a-texlive-combined-full-2023-final-texmfdist/tex/latex/graphics-cfg/graphics.cfg
File: graphics.cfg 2016/06/04 v1.11 sample graphics configuration
)
Package graphics Info: Driver file: pdftex.def on input line 107.
 (/nix/store/w3hf0ylw5hgji2scj8lm1964yw6ki24a-texlive-combined-full-2023-final-texmfdist/tex/latex/graphics-def/pdftex.def
File: pdftex.def 2022/09/22 v1.2b Graphics/color driver for pdftex
))
\Gin@req@height=\dimen142
\Gin@req@width=\dimen143
) (/nix/store/w3hf0ylw5hgji2scj8lm1964yw6ki24a-texlive-combined-full-2023-final-texmfdist/tex/latex/hyperref/hyperref.sty
Package: hyperref 2024-01-20 v7.01h Hypertext links for LaTeX
 (/nix/store/w3hf0ylw5hgji2scj8lm1964yw6ki24a-texlive-combined-full-2023-final-texmfdist/tex/generic/iftex/iftex.sty
Package: iftex 2022/02/03 v1.0f TeX engine tests
) (/nix/store/w3hf0ylw5hgji2scj8lm1964yw6ki24a-texlive-combined-full-2023-final-texmfdist/tex/latex/kvsetkeys/kvsetkeys.sty
Package: kvsetkeys 2022-10-05 v1.19 Key value parser (HO)
) (/nix/store/w3hf0ylw5hgji2scj8lm1964yw6ki24a-texlive-combined-full-2023-final-texmfdist/tex/generic/kvdefinekeys/kvdefinekeys.sty
Package: kvdefinekeys 2019-12-19 v1.6 Define keys (HO)
) (/nix/store/w3hf0ylw5hgji2scj8lm1964yw6ki24a-texlive-combined-full-2023-final-texmfdist/tex/generic/pdfescape/pdfescape.sty
Package: pdfescape 2019/12/09 v1.15 Implements pdfTeX's escape features (HO)

(/nix/store/w3hf0ylw5hgji2scj8lm1964yw6ki24a-texlive-combined-full-2023-final-texmfdist/tex/generic/ltxcmds/ltxcmds.sty
Package: ltxcmds 2023-12-04 v1.26 LaTeX kernel commands for general use (HO)
) (/nix/store/w3hf0ylw5hgji2scj8lm1964yw6ki24a-texlive-combined-full-2023-final-texmfdist/tex/generic/pdftexcmds/pdftexcmds.sty
Package: pdftexcmds 2020-06-27 v0.33 Utility functions of pdfTeX for LuaTeX (HO)
 (/nix/store/w3hf0ylw5hgji2scj8lm1964yw6ki24a-texlive-combined-full-2023-final-texmfdist/tex/generic/infwarerr/infwarerr.sty
Package: infwarerr 2019/12/03 v1.5 Providing info/warning/error messages (HO)
)
Package pdftexcmds Info: \pdf@primitive is available.
Package pdftexcmds Info: \pdf@ifprimitive is available.
Package pdftexcmds Info: \pdfdraftmode found.
)) (/nix/store/w3hf0ylw5hgji2scj8lm1964yw6ki24a-texlive-combined-full-2023-final-texmfdist/tex/latex/hycolor/hycolor.sty
Package: hycolor 2020-01-27 v1.10 Color options for hyperref/bookmark (HO)
) (/nix/store/w3hf0ylw5hgji2scj8lm1964yw6ki24a-texlive-combined-full-2023-final-texmfdist/tex/latex/auxhook/auxhook.sty
Package: auxhook 2019-12-17 v1.6 Hooks for auxiliary files (HO)
) (/nix/store/w3hf0ylw5hgji2scj8lm1964yw6ki24a-texlive-combined-full-2023-final-texmfdist/tex/latex/hyperref/nameref.sty
Package: nameref 2023-11-26 v2.56 Cross-referencing by name of section
 (/nix/store/w3hf0ylw5hgji2scj8lm1964yw6ki24a-texlive-combined-full-2023-final-texmfdist/tex/latex/refcount/refcount.sty
Package: refcount 2019/12/15 v3.6 Data extraction from label references (HO)
) (/nix/store/w3hf0ylw5hgji2scj8lm1964yw6ki24a-texlive-combined-full-2023-final-texmfdist/tex/generic/gettitlestring/gettitlestring.sty
Package: gettitlestring 2019/12/15 v1.6 Cleanup title references (HO)
 (/nix/store/w3hf0ylw5hgji2scj8lm1964yw6ki24a-texlive-combined-full-2023-final-texmfdist/tex/latex/kvoptions/kvoptions.sty
Package: kvoptions 2022-06-15 v3.15 Key value format for package options (HO)
))
\c@section@level=\count266
) (/nix/store/w3hf0ylw5hgji2scj8lm1964yw6ki24a-texlive-combined-full-2023-final-texmfdist/tex/latex/etoolbox/etoolbox.sty
Package: etoolbox 2020/10/05 v2.5k e-TeX tools for LaTeX (JAW)
\etb@tempcnta=\count267
)
\@linkdim=\dimen144
\Hy@linkcounter=\count268
\Hy@pagecounter=\count269
 (/nix/store/w3hf0ylw5hgji2scj8lm1964yw6ki24a-texlive-combined-full-2023-final-texmfdist/tex/latex/hyperref/pd1enc.def
File: pd1enc.def 2024-01-20 v7.01h Hyperref: PDFDocEncoding definition (HO)
Now handling font encoding PD1 ...
... no UTF-8 mapping file for font encoding PD1
) (/nix/store/w3hf0ylw5hgji2scj8lm1964yw6ki24a-texlive-combined-full-2023-final-texmfdist/tex/generic/intcalc/intcalc.sty
Package: intcalc 2019/12/15 v1.3 Expandable calculations with integers (HO)
)
\Hy@SavedSpaceFactor=\count270
 (/nix/store/w3hf0ylw5hgji2scj8lm1964yw6ki24a-texlive-combined-full-2023-final-texmfdist/tex/latex/hyperref/puenc.def
File: puenc.def 2024-01-20 v7.01h Hyperref: PDF Unicode definition (HO)
Now handling font encoding PU ...
... no UTF-8 mapping file for font encoding PU
)
Package hyperref Info: Hyper figures OFF on input line 4179.
Package hyperref Info: Link nesting OFF on input line 4184.
Package hyperref Info: Hyper index ON on input line 4187.
Package hyperref Info: Plain pages OFF on input line 4194.
Package hyperref Info: Backreferencing OFF on input line 4199.
Package hyperref Info: Implicit mode ON; LaTeX internals redefined.
Package hyperref Info: Bookmarks ON on input line 4446.
\c@Hy@tempcnt=\count271
 (/nix/store/w3hf0ylw5hgji2scj8lm1964yw6ki24a-texlive-combined-full-2023-final-texmfdist/tex/latex/url/url.sty
\Urlmuskip=\muskip16
Package: url 2013/09/16  ver 3.4  Verb mode for urls, etc.
)
LaTeX Info: Redefining \url on input line 4784.
\XeTeXLinkMargin=\dimen145
 (/nix/store/w3hf0ylw5hgji2scj8lm1964yw6ki24a-texlive-combined-full-2023-final-texmfdist/tex/generic/bitset/bitset.sty
Package: bitset 2019/12/09 v1.3 Handle bit-vector datatype (HO)
 (/nix/store/w3hf0ylw5hgji2scj8lm1964yw6ki24a-texlive-combined-full-2023-final-texmfdist/tex/generic/bigintcalc/bigintcalc.sty
Package: bigintcalc 2019/12/15 v1.5 Expandable calculations on big integers (HO)
))
\Fld@menulength=\count272
\Field@Width=\dimen146
\Fld@charsize=\dimen147
Package hyperref Info: Hyper figures OFF on input line 6063.
Package hyperref Info: Link nesting OFF on input line 6068.
Package hyperref Info: Hyper index ON on input line 6071.
Package hyperref Info: backreferencing OFF on input line 6078.
Package hyperref Info: Link coloring OFF on input line 6083.
Package hyperref Info: Link coloring with OCG OFF on input line 6088.
Package hyperref Info: PDF/A mode OFF on input line 6093.

(/nix/store/w3hf0ylw5hgji2scj8lm1964yw6ki24a-texlive-combined-full-2023-final-texmfdist/tex/latex/base/atbegshi-ltx.sty
Package: atbegshi-ltx 2021/01/10 v1.0c Emulation of the original atbegshi
package with kernel methods
)
\Hy@abspage=\count273
\c@Item=\count274
\c@Hfootnote=\count275
)
Package hyperref Info: Driver (autodetected): hpdftex.
 (/nix/store/w3hf0ylw5hgji2scj8lm1964yw6ki24a-texlive-combined-full-2023-final-texmfdist/tex/latex/hyperref/hpdftex.def
File: hpdftex.def 2024-01-20 v7.01h Hyperref driver for pdfTeX
 (/nix/store/w3hf0ylw5hgji2scj8lm1964yw6ki24a-texlive-combined-full-2023-final-texmfdist/tex/latex/base/atveryend-ltx.sty
Package: atveryend-ltx 2020/08/19 v1.0a Emulation of the original atveryend package
with kernel methods
)
\Fld@listcount=\count276
\c@bookmark@seq@number=\count277
 (/nix/store/w3hf0ylw5hgji2scj8lm1964yw6ki24a-texlive-combined-full-2023-final-texmfdist/tex/latex/rerunfilecheck/rerunfilecheck.sty
Package: rerunfilecheck 2022-07-10 v1.10 Rerun checks for auxiliary files (HO)
 (/nix/store/w3hf0ylw5hgji2scj8lm1964yw6ki24a-texlive-combined-full-2023-final-texmfdist/tex/generic/uniquecounter/uniquecounter.sty
Package: uniquecounter 2019/12/15 v1.4 Provide unlimited unique counter (HO)
)
Package uniquecounter Info: New unique counter `rerunfilecheck' on input line 285.
)
\Hy@SectionHShift=\skip50
) (/nix/store/w3hf0ylw5hgji2scj8lm1964yw6ki24a-texlive-combined-full-2023-final-texmfdist/tex/latex/fancyhdr/fancyhdr.sty
Package: fancyhdr 2022/11/09 v4.1 Extensive control of page headers and footers
\f@nch@headwidth=\skip51
\f@nch@O@elh=\skip52
\f@nch@O@erh=\skip53
\f@nch@O@olh=\skip54
\f@nch@O@orh=\skip55
\f@nch@O@elf=\skip56
\f@nch@O@erf=\skip57
\f@nch@O@olf=\skip58
\f@nch@O@orf=\skip59
) (/nix/store/w3hf0ylw5hgji2scj8lm1964yw6ki24a-texlive-combined-full-2023-final-texmfdist/tex/latex/tools/longtable.sty
Package: longtable 2023-11-01 v4.19 Multi-page Table package (DPC)
\LTleft=\skip60
\LTright=\skip61
\LTpre=\skip62
\LTpost=\skip63
\LTchunksize=\count278
\LTcapwidth=\dimen148
\LT@head=\box51
\LT@firsthead=\box52
\LT@foot=\box53
\LT@lastfoot=\box54
\LT@gbox=\box55
\LT@cols=\count279
\LT@rows=\count280
\c@LT@tables=\count281
\c@LT@chunks=\count282
\LT@p@ftn=\toks19
) (/nix/store/w3hf0ylw5hgji2scj8lm1964yw6ki24a-texlive-combined-full-2023-final-texmfdist/tex/latex/listings/listings.sty
\lst@mode=\count283
\lst@gtempboxa=\box56
\lst@token=\toks20
\lst@length=\count284
\lst@currlwidth=\dimen149
\lst@column=\count285
\lst@pos=\count286
\lst@lostspace=\dimen150
\lst@width=\dimen151
\lst@newlines=\count287
\lst@lineno=\count288
\lst@maxwidth=\dimen152
 (/nix/store/w3hf0ylw5hgji2scj8lm1964yw6ki24a-texlive-combined-full-2023-final-texmfdist/tex/latex/listings/lstpatch.sty
File: lstpatch.sty 2024/02/21 1.10 (Carsten Heinz)
) (/nix/store/w3hf0ylw5hgji2scj8lm1964yw6ki24a-texlive-combined-full-2023-final-texmfdist/tex/latex/listings/lstmisc.sty
File: lstmisc.sty 2024/02/21 1.10 (Carsten Heinz)
\c@lstnumber=\count289
\lst@skipnumbers=\count290
\lst@framebox=\box57
) (/nix/store/w3hf0ylw5hgji2scj8lm1964yw6ki24a-texlive-combined-full-2023-final-texmfdist/tex/latex/listings/listings.cfg
File: listings.cfg 2024/02/21 1.10 listings configuration
))
Package: listings 2024/02/21 1.10 (Carsten Heinz)
 (/nix/store/w3hf0ylw5hgji2scj8lm1964yw6ki24a-texlive-combined-full-2023-final-texmfdist/tex/latex/titlesec/titlesec.sty
Package: titlesec 2023/10/27 v2.16 Sectioning titles
\ttl@box=\box58
\beforetitleunit=\skip64
\aftertitleunit=\skip65
\ttl@plus=\dimen153
\ttl@minus=\dimen154
\ttl@toksa=\toks21
\titlewidth=\dimen155
\titlewidthlast=\dimen156
\titlewidthfirst=\dimen157
) (/nix/store/w3hf0ylw5hgji2scj8lm1964yw6ki24a-texlive-combined-full-2023-final-texmfdist/tex/latex/multirow/multirow.sty
Package: multirow 2021/03/15 v2.8 Span multiple rows of a table
\multirow@colwidth=\skip66
\multirow@cntb=\count291
\multirow@dima=\skip67
\bigstrutjot=\dimen158
) (/nix/store/w3hf0ylw5hgji2scj8lm1964yw6ki24a-texlive-combined-full-2023-final-texmfdist/tex/latex/geometry/geometry.sty
Package: geometry 2020/01/02 v5.9 Page Geometry
 (/nix/store/w3hf0ylw5hgji2scj8lm1964yw6ki24a-texlive-combined-full-2023-final-texmfdist/tex/generic/iftex/ifvtex.sty
Package: ifvtex 2019/10/25 v1.7 ifvtex legacy package. Use iftex instead.
)
\Gm@cnth=\count292
\Gm@cntv=\count293
\c@Gm@tempcnt=\count294
\Gm@bindingoffset=\dimen159
\Gm@wd@mp=\dimen160
\Gm@odd@mp=\dimen161
\Gm@even@mp=\dimen162
\Gm@layoutwidth=\dimen163
\Gm@layoutheight=\dimen164
\Gm@layouthoffset=\dimen165
\Gm@layoutvoffset=\dimen166
\Gm@dimlist=\toks22
) (/nix/store/w3hf0ylw5hgji2scj8lm1964yw6ki24a-texlive-combined-full-2023-final-texmfdist/tex/latex/enumitem/enumitem.sty
Package: enumitem 2019/06/20 v3.9 Customized lists
\labelindent=\skip68
\enit@outerparindent=\dimen167
\enit@toks=\toks23
\enit@inbox=\box59
\enit@count@id=\count295
\enitdp@description=\count296
)
(/nix/store/w3hf0ylw5hgji2scj8lm1964yw6ki24a-texlive-combined-full-2023-final-texmfdist/tex/latex/microtype/microtype.sty
Package: microtype 2023/03/13 v3.1a Micro-typographical refinements (RS)
\MT@toks=\toks24
\MT@tempbox=\box60
\MT@count=\count297
LaTeX Info: Redefining \noprotrusionifhmode on input line 1059.
LaTeX Info: Redefining \leftprotrusion on input line 1060.
\MT@prot@toks=\toks25
LaTeX Info: Redefining \rightprotrusion on input line 1078.
LaTeX Info: Redefining \textls on input line 1368.
\MT@outer@kern=\dimen168
LaTeX Info: Redefining \textmicrotypecontext on input line 1988.
\MT@listname@count=\count298
 (/nix/store/w3hf0ylw5hgji2scj8lm1964yw6ki24a-texlive-combined-full-2023-final-texmfdist/tex/latex/microtype/microtype-pdftex.def
File: microtype-pdftex.def 2023/03/13 v3.1a Definitions specific to pdftex (RS)
LaTeX Info: Redefining \lsstyle on input line 902.
LaTeX Info: Redefining \lslig on input line 902.
\MT@outer@space=\skip69
)
Package microtype Info: Loading configuration file microtype.cfg.
 (/nix/store/w3hf0ylw5hgji2scj8lm1964yw6ki24a-texlive-combined-full-2023-final-texmfdist/tex/latex/microtype/microtype.cfg
File: microtype.cfg 2023/03/13 v3.1a microtype main configuration file (RS)
))
Package hyperref Info: Option `colorlinks' set `true' on input line 21.
 (/nix/store/w3hf0ylw5hgji2scj8lm1964yw6ki24a-texlive-combined-full-2023-final-texmfdist/tex/latex/l3backend/l3backend-pdftex.def
File: l3backend-pdftex.def 2024-02-20 L3 backend support: PDF output (pdfTeX)
\l__color_backend_stack_int=\count299
\l__pdf_internal_box=\box61
) (./documentation.aux
LaTeX Info: Redefining \. on input line 8.
LaTeX Info: Redefining \% on input line 8.
 (./descripcion-general-del-proyecto.aux) (./especificacion-de-requerimientos.aux) (./analisis-y-diseno-del-sistema.aux) (./planificacion-y-gestion-del-proyecto.aux) (./manual-de-usuario.aux) (./documentacion-de-despliegue.aux) (./registro-de-cambios.aux))
\openout1 = `documentation.aux'.

LaTeX Font Info:    Checking defaults for OML/cmm/m/it on input line 72.
LaTeX Font Info:    ... okay on input line 72.
LaTeX Font Info:    Checking defaults for OMS/cmsy/m/n on input line 72.
LaTeX Font Info:    ... okay on input line 72.
LaTeX Font Info:    Checking defaults for OT1/cmr/m/n on input line 72.
LaTeX Font Info:    ... okay on input line 72.
LaTeX Font Info:    Checking defaults for T1/cmr/m/n on input line 72.
LaTeX Font Info:    ... okay on input line 72.
LaTeX Font Info:    Checking defaults for TS1/cmr/m/n on input line 72.
LaTeX Font Info:    ... okay on input line 72.
LaTeX Font Info:    Checking defaults for OMX/cmex/m/n on input line 72.
LaTeX Font Info:    ... okay on input line 72.
LaTeX Font Info:    Checking defaults for U/cmr/m/n on input line 72.
LaTeX Font Info:    ... okay on input line 72.
LaTeX Font Info:    Checking defaults for PD1/pdf/m/n on input line 72.
LaTeX Font Info:    ... okay on input line 72.
LaTeX Font Info:    Checking defaults for PU/pdf/m/n on input line 72.
LaTeX Font Info:    ... okay on input line 72.
LaTeX Info: Redefining \. on input line 72.
LaTeX Info: Redefining \% on input line 72.
 (/nix/store/w3hf0ylw5hgji2scj8lm1964yw6ki24a-texlive-combined-full-2023-final-texmfdist/tex/context/base/mkii/supp-pdf.mkii
[Loading MPS to PDF converter (version 2006.09.02).]
\scratchcounter=\count300
\scratchdimen=\dimen169
\scratchbox=\box62
\nofMPsegments=\count301
\nofMParguments=\count302
\everyMPshowfont=\toks26
\MPscratchCnt=\count303
\MPscratchDim=\dimen170
\MPnumerator=\count304
\makeMPintoPDFobject=\count305
\everyMPtoPDFconversion=\toks27
) (/nix/store/w3hf0ylw5hgji2scj8lm1964yw6ki24a-texlive-combined-full-2023-final-texmfdist/tex/latex/epstopdf-pkg/epstopdf-base.sty
Package: epstopdf-base 2020-01-24 v2.11 Base part for package epstopdf
Package epstopdf-base Info: Redefining graphics rule for `.eps' on input line 485.
 (/nix/store/w3hf0ylw5hgji2scj8lm1964yw6ki24a-texlive-combined-full-2023-final-texmfdist/tex/latex/latexconfig/epstopdf-sys.cfg
File: epstopdf-sys.cfg 2010/07/13 v1.3 Configuration of (r)epstopdf for TeX Live
)) (/nix/store/w3hf0ylw5hgji2scj8lm1964yw6ki24a-texlive-combined-full-2023-final-texmfdist/tex/latex/graphics/color.sty
Package: color 2022/01/06 v1.3d Standard LaTeX Color (DPC)
 (/nix/store/w3hf0ylw5hgji2scj8lm1964yw6ki24a-texlive-combined-full-2023-final-texmfdist/tex/latex/graphics-cfg/color.cfg
File: color.cfg 2016/01/02 v1.6 sample color configuration
)
Package color Info: Driver file: pdftex.def on input line 149.
 (/nix/store/w3hf0ylw5hgji2scj8lm1964yw6ki24a-texlive-combined-full-2023-final-texmfdist/tex/latex/graphics/mathcolor.ltx))
Package hyperref Info: Link coloring ON on input line 72.
 (./documentation.out) (./documentation.out)
\@outlinefile=\write3
\openout3 = `documentation.out'.

\c@lstlisting=\count306

*geometry* driver: auto-detecting
*geometry* detected driver: pdftex
*geometry* verbose mode - [ preamble ] result:
* driver: pdftex
* paper: a4paper
* layout: <same size as paper>
* layoutoffset:(h,v)=(0.0pt,0.0pt)
* modes: 
* h-part:(L,W,R)=(71.13188pt, 455.24411pt, 71.13188pt)
* v-part:(T,H,B)=(71.13188pt, 702.78308pt, 71.13188pt)
* \paperwidth=597.50787pt
* \paperheight=845.04684pt
* \textwidth=455.24411pt
* \textheight=702.78308pt
* \oddsidemargin=-1.1381pt
* \evensidemargin=-1.1381pt
* \topmargin=-41.85478pt
* \headheight=15.71667pt
* \headsep=25.0pt
* \topskip=12.0pt
* \footskip=30.0pt
* \marginparwidth=35.0pt
* \marginparsep=10.0pt
* \columnsep=10.0pt
* \skip\footins=10.8pt plus 4.0pt minus 2.0pt
* \hoffset=0.0pt
* \voffset=0.0pt
* \mag=1000
* \@twocolumnfalse
* \@twosidefalse
* \@mparswitchfalse
* \@reversemarginfalse
* (1in=72.27pt=25.4mm, 1cm=28.453pt)

LaTeX Info: Redefining \microtypecontext on input line 72.
Package microtype Info: Applying patch `item' on input line 72.
Package microtype Info: Applying patch `toc' on input line 72.
Package microtype Info: Applying patch `eqnum' on input line 72.
Package microtype Info: Applying patch `footnote' on input line 72.
Package microtype Info: Applying patch `verbatim' on input line 72.
Package microtype Info: Generating PDF output.
Package microtype Info: Character protrusion enabled (level 2).
Package microtype Info: Using default protrusion set `alltext'.
Package microtype Info: Automatic font expansion enabled (level 2),
(microtype)             stretch: 20, shrink: 20, step: 1, non-selected.
Package microtype Info: Using default expansion set `alltext-nott'.
LaTeX Info: Redefining \showhyphens on input line 72.
Package microtype Info: No adjustment of tracking.
Package microtype Info: No adjustment of interword spacing.
Package microtype Info: No adjustment of character kerning.
(/nix/store/w3hf0ylw5hgji2scj8lm1964yw6ki24a-texlive-combined-full-2023-final-texmfdist/tex/latex/microtype/mt-cmr.cfg
File: mt-cmr.cfg 2013/05/19 v2.2 microtype config. file: Computer Modern Roman (RS)
)
<./images/escudo_principal.png, id=116, 324.46219pt x 435.12563pt>
File: ./images/escudo_principal.png Graphic file (type png)
<use ./images/escudo_principal.png>
Package pdftex.def Info: ./images/escudo_principal.png  used on input line 73.
(pdftex.def)             Requested size: 91.04742pt x 122.09991pt.
<./images/escudo_secundario.png, id=118, 1744.26656pt x 2254.67343pt>
File: ./images/escudo_secundario.png Graphic file (type png)
<use ./images/escudo_secundario.png>
Package pdftex.def Info: ./images/escudo_secundario.png  used on input line 73.
(pdftex.def)             Requested size: 91.04742pt x 117.65997pt.
 [1

{/nix/store/snkh7ic4q3vxsl87z37r82m4621xmvab-texlive-combined-full-2023-final/share/texmf-var/fonts/map/pdftex/updmap/pdftex.map} <./images/escudo_principal.png> <./images/escudo_secundario.png>] (./documentation.toc
LaTeX Info: Redefining \. on input line 1.
LaTeX Info: Redefining \% on input line 1.
LaTeX Font Info:    External font `cmex10' loaded for size
(Font)              <12> on input line 3.
LaTeX Font Info:    External font `cmex10' loaded for size
(Font)              <8> on input line 3.
LaTeX Font Info:    External font `cmex10' loaded for size
(Font)              <6> on input line 3.
)
\tf@toc=\write4
\openout4 = `documentation.toc'.


pdfTeX warning (ext4): destination with the same identifier (name{page.1}) has been already used, duplicate ignored
<to be read again> 
                   \relax 
l.75 	\newpage
               [1

]
\openout2 = `descripcion-general-del-proyecto.aux'.

 (./descripcion-general-del-proyecto.tex
Cap\'{\i }tulo 1.
) [2


]
LaTeX Info: Redefining \. on input line 78.
LaTeX Info: Redefining \% on input line 78.
 [3]
\openout2 = `especificacion-de-requerimientos.aux'.

 (./especificacion-de-requerimientos.tex
Cap\'{\i }tulo 2.
[4




{/nix/store/w3hf0ylw5hgji2scj8lm1964yw6ki24a-texlive-combined-full-2023-final-texmfdist/fonts/enc/dvips/cm-super/cm-super-ts1.enc}] (./casos-de-uso.tex
Underfull \hbox (badness 10000) in paragraph at lines 44--44
[]|\OT1/cmr/m/n/12 (+20) Frecuencia de
 []

LaTeX Info: Redefining \. on input line 48.
LaTeX Info: Redefining \% on input line 48.
[5]
LaTeX Info: Redefining \. on input line 50.
LaTeX Info: Redefining \% on input line 50.
 [6]
Underfull \hbox (badness 5245) in paragraph at lines 77--77
[]|\OT1/cmr/m/n/12 (+20) Flujo al-ter-na-ti-
 []


Underfull \hbox (badness 10000) in paragraph at lines 90--90
[]|\OT1/cmr/m/n/12 (+20) Frecuencia de
 []

LaTeX Info: Redefining \. on input line 98.
LaTeX Info: Redefining \% on input line 98.
[7]
LaTeX Info: Redefining \. on input line 100.
LaTeX Info: Redefining \% on input line 100.
 [8]
Underfull \hbox (badness 5245) in paragraph at lines 128--128
[]|\OT1/cmr/m/n/12 (+20) Flujo al-ter-na-ti-
 []


Underfull \hbox (badness 10000) in paragraph at lines 137--137
[]|\OT1/cmr/m/n/12 (+20) Frecuencia de
 []

LaTeX Info: Redefining \. on input line 145.
LaTeX Info: Redefining \% on input line 145.
[9]
LaTeX Info: Redefining \. on input line 147.
LaTeX Info: Redefining \% on input line 147.
 [10]
Underfull \hbox (badness 10000) in paragraph at lines 183--183
[]|\OT1/cmr/m/n/12 (+20) Frecuencia de
 []

LaTeX Info: Redefining \. on input line 191.
LaTeX Info: Redefining \% on input line 191.
[11]
Underfull \hbox (badness 10000) in paragraph at lines 219--219
[]|\OT1/cmr/m/n/12 (+20) Frecuencia de
 []

)
LaTeX Info: Redefining \. on input line 66.
LaTeX Info: Redefining \% on input line 66.
 [12])
LaTeX Info: Redefining \. on input line 80.
LaTeX Info: Redefining \% on input line 80.
 [13]
\openout2 = `analisis-y-diseno-del-sistema.aux'.

 (./analisis-y-diseno-del-sistema.tex
Cap\'{\i }tulo 3.
Package microtype Info: Loading generic protrusion settings for font family
(microtype)             `cmtt' (encoding: OT1).
(microtype)             For optimal results, create family-specific settings.
(microtype)             See the microtype manual for details.

Underfull \hbox (badness 10000) in paragraph at lines 12--14

 []

[14




])
LaTeX Info: Redefining \. on input line 82.
LaTeX Info: Redefining \% on input line 82.
 [15]
\openout2 = `planificacion-y-gestion-del-proyecto.aux'.

 (./planificacion-y-gestion-del-proyecto.tex
Cap\'{\i }tulo 4.
<./images/proyecto_final_ingr_2024-11-05_11.32am.png, id=252, 1587.9325pt x 657.45625pt>
File: ./images/proyecto_final_ingr_2024-11-05_11.32am.png Graphic file (type png)
<use ./images/proyecto_final_ingr_2024-11-05_11.32am.png>
Package pdftex.def Info: ./images/proyecto_final_ingr_2024-11-05_11.32am.png  used on input line 15.
(pdftex.def)             Requested size: 455.24411pt x 188.48048pt.

LaTeX Warning: `h' float specifier changed to `ht'.

[16




]
<./images/gitlogo.png, id=257, 923.45pt x 923.45pt>
File: ./images/gitlogo.png Graphic file (type png)
<use ./images/gitlogo.png>
Package pdftex.def Info: ./images/gitlogo.png  used on input line 38.
(pdftex.def)             Requested size: 136.57462pt x 136.567pt.
<./images/github_logo.png, id=258, 903.375pt x 837.1275pt>
File: ./images/github_logo.png Graphic file (type png)
<use ./images/github_logo.png>
Package pdftex.def Info: ./images/github_logo.png  used on input line 39.
(pdftex.def)             Requested size: 136.57462pt x 126.56004pt.
LaTeX Info: Redefining \. on input line 67.
LaTeX Info: Redefining \% on input line 67.
 [17 <./images/proyecto_final_ingr_2024-11-05_11.32am.png> <./images/gitlogo.png> <./images/github_logo.png>])
LaTeX Info: Redefining \. on input line 84.
LaTeX Info: Redefining \% on input line 84.
 [18]
\openout2 = `manual-de-usuario.aux'.

 (./manual-de-usuario.tex
Cap\'{\i }tulo 5.
) [19




]
\openout2 = `documentacion-de-despliegue.aux'.

 (./documentacion-de-despliegue.tex
Cap\'{\i }tulo 6.
) [20




]
\openout2 = `registro-de-cambios.aux'.

 (./registro-de-cambios.tex
Cap\'{\i }tulo 7.
) [21




] (./documentation.aux
LaTeX Info: Redefining \. on input line 8.
LaTeX Info: Redefining \% on input line 8.
 (./descripcion-general-del-proyecto.aux) (./especificacion-de-requerimientos.aux) (./analisis-y-diseno-del-sistema.aux) (./planificacion-y-gestion-del-proyecto.aux) (./manual-de-usuario.aux) (./documentacion-de-despliegue.aux) (./registro-de-cambios.aux))
 ***********
LaTeX2e <2023-11-01> patch level 1
L3 programming layer <2024-02-20>
 ***********
Package rerunfilecheck Info: File `documentation.out' has not changed.
(rerunfilecheck)             Checksum: 00F3C272B96CBCD8166697BE29DA9032;4419.
 ) 
Here is how much of TeX's memory you used:
 14885 strings out of 474116
 248052 string characters out of 5717523
 1952187 words of memory out of 5000000
 36878 multiletter control sequences out of 15000+600000
 566498 words of font info for 105 fonts, out of 8000000 for 9000
 1141 hyphenation exceptions out of 8191
 75i,12n,79p,1010b,726s stack positions out of 10000i,1000n,20000p,200000b,200000s
</nix/store/w3hf0ylw5hgji2scj8lm1964yw6ki24a-texlive-combined-full-2023-final-texmfdist/fonts/type1/public/amsfonts/cm/cmbx12.pfb></nix/store/w3hf0ylw5hgji2scj8lm1964yw6ki24a-texlive-combined-full-2023-final-texmfdist/fonts/type1/public/amsfonts/cm/cmr12.pfb></nix/store/w3hf0ylw5hgji2scj8lm1964yw6ki24a-texlive-combined-full-2023-final-texmfdist/fonts/type1/public/amsfonts/cm/cmr17.pfb></nix/store/w3hf0ylw5hgji2scj8lm1964yw6ki24a-texlive-combined-full-2023-final-texmfdist/fonts/type1/public/amsfonts/cm/cmsy10.pfb></nix/store/w3hf0ylw5hgji2scj8lm1964yw6ki24a-texlive-combined-full-2023-final-texmfdist/fonts/type1/public/amsfonts/cm/cmti12.pfb></nix/store/w3hf0ylw5hgji2scj8lm1964yw6ki24a-texlive-combined-full-2023-final-texmfdist/fonts/type1/public/amsfonts/cm/cmtt12.pfb></nix/store/w3hf0ylw5hgji2scj8lm1964yw6ki24a-texlive-combined-full-2023-final-texmfdist/fonts/type1/public/cm-super/sfrm1200.pfb>
Output written on documentation.pdf (22 pages, 389002 bytes).
PDF statistics:
 336 PDF objects out of 1000 (max. 8388607)
 285 compressed objects within 3 object streams
 70 named destinations out of 1000 (max. 500000)
 25338 words of extra memory for PDF output out of 29859 (max. 10000000)

